{"name": "user verify and click the transmitter again and perform opertaion again", "status": "failed", "statusDetails": {"message": "selenium.common.exceptions.NoSuchElementException: Message: no such element: Unable to locate element: {\"method\":\"css selector\",\"selector\":\"[id=\"configure_channel_ajax_message\"]\"}\n  (Session info: chrome=90.0.4430.93)", "trace": "request = <FixtureRequest for <Function test_user_verify_and_click_the_transmitter_again_and_perform_opertaion_again>>\n\n    @pytest.mark.usefixtures(*function_args)\n    def scenario_wrapper(request):\n>       _execute_scenario(feature, scenario, request, encoding)\n\nc:\\python\\python39\\lib\\site-packages\\pytest_bdd\\scenario.py:177: \n_ _ _ _ _ _ _ _ _ _ _ _ _ _ _ _ _ _ _ _ _ _ _ _ _ _ _ _ _ _ _ _ _ _ _ _ _ _ _ _\nc:\\python\\python39\\lib\\site-packages\\pytest_bdd\\scenario.py:143: in _execute_scenario\n    _execute_step_function(request, scenario, step, step_func)\nc:\\python\\python39\\lib\\site-packages\\pytest_bdd\\scenario.py:113: in _execute_step_function\n    return_value = step_func(**kwargs)\ntests\\testcase8\\step_defs\\RDP_Tx_creation.py:179: in user_verify_same_RDP_already_reated_or_not\n    actual = driver.find_element_by_id('configure_channel_ajax_message').text\nc:\\python\\python39\\lib\\site-packages\\selenium\\webdriver\\remote\\webdriver.py:360: in find_element_by_id\n    return self.find_element(by=By.ID, value=id_)\nc:\\python\\python39\\lib\\site-packages\\selenium\\webdriver\\remote\\webdriver.py:976: in find_element\n    return self.execute(Command.FIND_ELEMENT, {\nc:\\python\\python39\\lib\\site-packages\\selenium\\webdriver\\remote\\webdriver.py:321: in execute\n    self.error_handler.check_response(response)\n_ _ _ _ _ _ _ _ _ _ _ _ _ _ _ _ _ _ _ _ _ _ _ _ _ _ _ _ _ _ _ _ _ _ _ _ _ _ _ _\n\nself = <selenium.webdriver.remote.errorhandler.ErrorHandler object at 0x000001AD2A0C98B0>\nresponse = {'status': 404, 'value': '{\"value\":{\"error\":\"no such element\",\"message\":\"no such element: Unable to locate element: {\\...\\n\\\\tRtlGetAppContainerNamedObjectPath [0x778E7A4E+286]\\\\n\\\\tRtlGetAppContainerNamedObjectPath [0x778E7A1E+238]\\\\n\"}}'}\n\n    def check_response(self, response):\n        \"\"\"\n        Checks that a JSON response from the WebDriver does not have an error.\n    \n        :Args:\n         - response - The JSON response from the WebDriver server as a dictionary\n           object.\n    \n        :Raises: If the response contains an error message.\n        \"\"\"\n        status = response.get('status', None)\n        if status is None or status == ErrorCode.SUCCESS:\n            return\n        value = None\n        message = response.get(\"message\", \"\")\n        screen = response.get(\"screen\", \"\")\n        stacktrace = None\n        if isinstance(status, int):\n            value_json = response.get('value', None)\n            if value_json and isinstance(value_json, basestring):\n                import json\n                try:\n                    value = json.loads(value_json)\n                    if len(value.keys()) == 1:\n                        value = value['value']\n                    status = value.get('error', None)\n                    if status is None:\n                        status = value[\"status\"]\n                        message = value[\"value\"]\n                        if not isinstance(message, basestring):\n                            value = message\n                            message = message.get('message')\n                    else:\n                        message = value.get('message', None)\n                except ValueError:\n                    pass\n    \n        exception_class = ErrorInResponseException\n        if status in ErrorCode.NO_SUCH_ELEMENT:\n            exception_class = NoSuchElementException\n        elif status in ErrorCode.NO_SUCH_FRAME:\n            exception_class = NoSuchFrameException\n        elif status in ErrorCode.NO_SUCH_WINDOW:\n            exception_class = NoSuchWindowException\n        elif status in ErrorCode.STALE_ELEMENT_REFERENCE:\n            exception_class = StaleElementReferenceException\n        elif status in ErrorCode.ELEMENT_NOT_VISIBLE:\n            exception_class = ElementNotVisibleException\n        elif status in ErrorCode.INVALID_ELEMENT_STATE:\n            exception_class = InvalidElementStateException\n        elif status in ErrorCode.INVALID_SELECTOR \\\n                or status in ErrorCode.INVALID_XPATH_SELECTOR \\\n                or status in ErrorCode.INVALID_XPATH_SELECTOR_RETURN_TYPER:\n            exception_class = InvalidSelectorException\n        elif status in ErrorCode.ELEMENT_IS_NOT_SELECTABLE:\n            exception_class = ElementNotSelectableException\n        elif status in ErrorCode.ELEMENT_NOT_INTERACTABLE:\n            exception_class = ElementNotInteractableException\n        elif status in ErrorCode.INVALID_COOKIE_DOMAIN:\n            exception_class = InvalidCookieDomainException\n        elif status in ErrorCode.UNABLE_TO_SET_COOKIE:\n            exception_class = UnableToSetCookieException\n        elif status in ErrorCode.TIMEOUT:\n            exception_class = TimeoutException\n        elif status in ErrorCode.SCRIPT_TIMEOUT:\n            exception_class = TimeoutException\n        elif status in ErrorCode.UNKNOWN_ERROR:\n            exception_class = WebDriverException\n        elif status in ErrorCode.UNEXPECTED_ALERT_OPEN:\n            exception_class = UnexpectedAlertPresentException\n        elif status in ErrorCode.NO_ALERT_OPEN:\n            exception_class = NoAlertPresentException\n        elif status in ErrorCode.IME_NOT_AVAILABLE:\n            exception_class = ImeNotAvailableException\n        elif status in ErrorCode.IME_ENGINE_ACTIVATION_FAILED:\n            exception_class = ImeActivationFailedException\n        elif status in ErrorCode.MOVE_TARGET_OUT_OF_BOUNDS:\n            exception_class = MoveTargetOutOfBoundsException\n        elif status in ErrorCode.JAVASCRIPT_ERROR:\n            exception_class = JavascriptException\n        elif status in ErrorCode.SESSION_NOT_CREATED:\n            exception_class = SessionNotCreatedException\n        elif status in ErrorCode.INVALID_ARGUMENT:\n            exception_class = InvalidArgumentException\n        elif status in ErrorCode.NO_SUCH_COOKIE:\n            exception_class = NoSuchCookieException\n        elif status in ErrorCode.UNABLE_TO_CAPTURE_SCREEN:\n            exception_class = ScreenshotException\n        elif status in ErrorCode.ELEMENT_CLICK_INTERCEPTED:\n            exception_class = ElementClickInterceptedException\n        elif status in ErrorCode.INSECURE_CERTIFICATE:\n            exception_class = InsecureCertificateException\n        elif status in ErrorCode.INVALID_COORDINATES:\n            exception_class = InvalidCoordinatesException\n        elif status in ErrorCode.INVALID_SESSION_ID:\n            exception_class = InvalidSessionIdException\n        elif status in ErrorCode.UNKNOWN_METHOD:\n            exception_class = UnknownMethodException\n        else:\n            exception_class = WebDriverException\n        if value == '' or value is None:\n            value = response['value']\n        if isinstance(value, basestring):\n            if exception_class == ErrorInResponseException:\n                raise exception_class(response, value)\n            raise exception_class(value)\n        if message == \"\" and 'message' in value:\n            message = value['message']\n    \n        screen = None\n        if 'screen' in value:\n            screen = value['screen']\n    \n        stacktrace = None\n        if 'stackTrace' in value and value['stackTrace']:\n            stacktrace = []\n            try:\n                for frame in value['stackTrace']:\n                    line = self._value_or_default(frame, 'lineNumber', '')\n                    file = self._value_or_default(frame, 'fileName', '<anonymous>')\n                    if line:\n                        file = \"%s:%s\" % (file, line)\n                    meth = self._value_or_default(frame, 'methodName', '<anonymous>')\n                    if 'className' in frame:\n                        meth = \"%s.%s\" % (frame['className'], meth)\n                    msg = \"    at %s (%s)\"\n                    msg = msg % (meth, file)\n                    stacktrace.append(msg)\n            except TypeError:\n                pass\n        if exception_class == ErrorInResponseException:\n            raise exception_class(response, message)\n        elif exception_class == UnexpectedAlertPresentException:\n            alert_text = None\n            if 'data' in value:\n                alert_text = value['data'].get('text')\n            elif 'alert' in value:\n                alert_text = value['alert'].get('text')\n            raise exception_class(message, screen, stacktrace, alert_text)\n>       raise exception_class(message, screen, stacktrace)\nE       selenium.common.exceptions.NoSuchElementException: Message: no such element: Unable to locate element: {\"method\":\"css selector\",\"selector\":\"[id=\"configure_channel_ajax_message\"]\"}\nE         (Session info: chrome=90.0.4430.93)\n\nc:\\python\\python39\\lib\\site-packages\\selenium\\webdriver\\remote\\errorhandler.py:242: NoSuchElementException"}, "steps": [{"name": "Then user verify transmitter heading", "status": "passed", "attachments": [{"name": "screenshot", "source": "34455376-84c0-4493-84f2-60b869abfda1-attachment.png", "type": "image/png"}], "start": 1619679391387, "stop": 1619679391591}, {"name": "Then user click on transmitter and verify the transmitter page is open or not", "status": "passed", "attachments": [{"name": "Invalid Credential", "source": "f737c7a0-326d-4eb2-b5fd-b112e1431fcb-attachment.png", "type": "image/png"}], "start": 1619679391591, "stop": 1619679393943}, {"name": "Then user verify Add VDI option", "status": "passed", "attachments": [{"name": "screenshot", "source": "cc7de4fa-c4f1-41eb-9047-36b64fd3cfbb-attachment.png", "type": "image/png"}], "start": 1619679393943, "stop": 1619679394118}, {"name": "Then user click on Add VDI option", "status": "passed", "start": 1619679394119, "stop": 1619679396275}, {"name": "Then user enter RDP name \"xyz\"", "status": "passed", "start": 1619679396276, "stop": 1619679398382}, {"name": "Then user enter ip address and DNS name \"192.168.17.212\"", "status": "passed", "start": 1619679398383, "stop": 1619679400505}, {"name": "Then user enter port number \"3389\"", "status": "passed", "start": 1619679400506, "stop": 1619679402625}, {"name": "Then user enter domain name \"pankaj\"", "status": "passed", "start": 1619679402626, "stop": 1619679402743}, {"name": "Then user select maximum resolution", "status": "passed", "start": 1619679402744, "stop": 1619679402781}, {"name": "Then user verify the save button", "status": "passed", "attachments": [{"name": "screenshot", "source": "44c44312-7607-42c4-adf3-1a0281690631-attachment.png", "type": "image/png"}], "start": 1619679402781, "stop": 1619679404947}, {"name": "Then user save the details", "status": "passed", "start": 1619679404947, "stop": 1619679405026}, {"name": "Then user verify same RDP already reated or not", "status": "failed", "statusDetails": {"message": "Message: no such element: Unable to locate element: {\"method\":\"css selector\",\"selector\":\"[id=\"configure_channel_ajax_message\"]\"}\n  (Session info: chrome=90.0.4430.93)\n", "trace": "selenium.common.exceptions.NoSuchElementException: Message: no such element: Unable to locate element: {\"method\":\"css selector\",\"selector\":\"[id=\"configure_channel_ajax_message\"]\"}\n  (Session info: chrome=90.0.4430.93)\n\n"}, "start": 1619679405026, "stop": 1619679435082}], "start": 1619679391386, "stop": 1619679435082, "uuid": "82672215-05b7-237b-54af-e87649142e64", "fullName": "features\\RDP_Tx_creation.feature:user verify and click the transmitter again and perform opertaion again", "labels": [{"name": "host", "value": "DESKTOP-UB3IPMH"}, {"name": "thread", "value": "12184-MainThread"}, {"name": "framework", "value": "pytest-bdd"}, {"name": "language", "value": "cpython3"}, {"name": "feature", "value": "we are working on Aim box and doing RDP_TX creation"}]}